<?xml version="1.0" encoding="UTF-8"?>
<testsuite xmlns:xsi="http://www.w3.org/2001/XMLSchema-instance" xsi:noNamespaceSchemaLocation="https://maven.apache.org/surefire/maven-surefire-plugin/xsd/surefire-test-report-3.0.xsd" version="3.0" name="TestSuite" time="91.993" tests="1" errors="0" skipped="0" failures="0">
  <properties>
    <property name="sun.desktop" value="windows"/>
    <property name="awt.toolkit" value="sun.awt.windows.WToolkit"/>
    <property name="java.specification.version" value="11"/>
    <property name="sun.cpu.isalist" value="amd64"/>
    <property name="sun.jnu.encoding" value="GBK"/>
    <property name="java.class.path" value="C:\Users\19164\eclipse-workspace\HW3\target\test-classes;C:\Users\19164\eclipse-workspace\HW3\target\classes;C:\Users\19164\.m2\repository\org\testng\testng\7.1.0\testng-7.1.0.jar;C:\Users\19164\.m2\repository\com\beust\jcommander\1.72\jcommander-1.72.jar;C:\Users\19164\.m2\repository\com\google\inject\guice\4.1.0\guice-4.1.0-no_aop.jar;C:\Users\19164\.m2\repository\javax\inject\javax.inject\1\javax.inject-1.jar;C:\Users\19164\.m2\repository\aopalliance\aopalliance\1.0\aopalliance-1.0.jar;C:\Users\19164\.m2\repository\org\yaml\snakeyaml\1.21\snakeyaml-1.21.jar;C:\Users\19164\.m2\repository\io\github\bonigarcia\webdrivermanager\4.3.1\webdrivermanager-4.3.1.jar;C:\Users\19164\.m2\repository\commons-io\commons-io\2.8.0\commons-io-2.8.0.jar;C:\Users\19164\.m2\repository\com\google\code\gson\gson\2.8.6\gson-2.8.6.jar;C:\Users\19164\.m2\repository\org\apache\commons\commons-lang3\3.11\commons-lang3-3.11.jar;C:\Users\19164\.m2\repository\org\apache\httpcomponents\client5\httpclient5\5.0.3\httpclient5-5.0.3.jar;C:\Users\19164\.m2\repository\org\apache\httpcomponents\core5\httpcore5\5.0.2\httpcore5-5.0.2.jar;C:\Users\19164\.m2\repository\org\apache\httpcomponents\core5\httpcore5-h2\5.0.2\httpcore5-h2-5.0.2.jar;C:\Users\19164\.m2\repository\commons-codec\commons-codec\1.13\commons-codec-1.13.jar;C:\Users\19164\.m2\repository\org\rauschig\jarchivelib\1.1.0\jarchivelib-1.1.0.jar;C:\Users\19164\.m2\repository\org\apache\commons\commons-compress\1.20\commons-compress-1.20.jar;C:\Users\19164\.m2\repository\org\jsoup\jsoup\1.13.1\jsoup-1.13.1.jar;C:\Users\19164\.m2\repository\org\seleniumhq\selenium\selenium-java\3.141.59\selenium-java-3.141.59.jar;C:\Users\19164\.m2\repository\org\seleniumhq\selenium\selenium-api\3.141.59\selenium-api-3.141.59.jar;C:\Users\19164\.m2\repository\org\seleniumhq\selenium\selenium-chrome-driver\3.141.59\selenium-chrome-driver-3.141.59.jar;C:\Users\19164\.m2\repository\org\seleniumhq\selenium\selenium-edge-driver\3.141.59\selenium-edge-driver-3.141.59.jar;C:\Users\19164\.m2\repository\org\seleniumhq\selenium\selenium-firefox-driver\3.141.59\selenium-firefox-driver-3.141.59.jar;C:\Users\19164\.m2\repository\org\seleniumhq\selenium\selenium-ie-driver\3.141.59\selenium-ie-driver-3.141.59.jar;C:\Users\19164\.m2\repository\org\seleniumhq\selenium\selenium-opera-driver\3.141.59\selenium-opera-driver-3.141.59.jar;C:\Users\19164\.m2\repository\org\seleniumhq\selenium\selenium-remote-driver\3.141.59\selenium-remote-driver-3.141.59.jar;C:\Users\19164\.m2\repository\org\seleniumhq\selenium\selenium-safari-driver\3.141.59\selenium-safari-driver-3.141.59.jar;C:\Users\19164\.m2\repository\org\seleniumhq\selenium\selenium-support\3.141.59\selenium-support-3.141.59.jar;C:\Users\19164\.m2\repository\net\bytebuddy\byte-buddy\1.8.15\byte-buddy-1.8.15.jar;C:\Users\19164\.m2\repository\org\apache\commons\commons-exec\1.3\commons-exec-1.3.jar;C:\Users\19164\.m2\repository\com\google\guava\guava\25.0-jre\guava-25.0-jre.jar;C:\Users\19164\.m2\repository\com\google\code\findbugs\jsr305\1.3.9\jsr305-1.3.9.jar;C:\Users\19164\.m2\repository\org\checkerframework\checker-compat-qual\2.0.0\checker-compat-qual-2.0.0.jar;C:\Users\19164\.m2\repository\com\google\errorprone\error_prone_annotations\2.1.3\error_prone_annotations-2.1.3.jar;C:\Users\19164\.m2\repository\com\google\j2objc\j2objc-annotations\1.1\j2objc-annotations-1.1.jar;C:\Users\19164\.m2\repository\org\codehaus\mojo\animal-sniffer-annotations\1.14\animal-sniffer-annotations-1.14.jar;C:\Users\19164\.m2\repository\com\squareup\okhttp3\okhttp\3.11.0\okhttp-3.11.0.jar;C:\Users\19164\.m2\repository\com\squareup\okio\okio\1.14.0\okio-1.14.0.jar;C:\Users\19164\.m2\repository\ru\yandex\qatools\htmlelements\htmlelements-java\1.20.0\htmlelements-java-1.20.0.jar;C:\Users\19164\.m2\repository\io\cucumber\cucumber-testng\5.7.0\cucumber-testng-5.7.0.jar;C:\Users\19164\.m2\repository\org\apiguardian\apiguardian-api\1.1.0\apiguardian-api-1.1.0.jar;C:\Users\19164\.m2\repository\io\cucumber\cucumber-core\5.7.0\cucumber-core-5.7.0.jar;C:\Users\19164\.m2\repository\io\cucumber\cucumber-gherkin\5.7.0\cucumber-gherkin-5.7.0.jar;C:\Users\19164\.m2\repository\io\cucumber\cucumber-gherkin-vintage\5.7.0\cucumber-gherkin-vintage-5.7.0.jar;C:\Users\19164\.m2\repository\io\cucumber\tag-expressions\2.0.4\tag-expressions-2.0.4.jar;C:\Users\19164\.m2\repository\io\cucumber\cucumber-expressions\8.3.1\cucumber-expressions-8.3.1.jar;C:\Users\19164\.m2\repository\io\cucumber\datatable\3.3.1\datatable-3.3.1.jar;C:\Users\19164\.m2\repository\io\cucumber\cucumber-plugin\5.7.0\cucumber-plugin-5.7.0.jar;C:\Users\19164\.m2\repository\io\cucumber\docstring\5.7.0\docstring-5.7.0.jar;C:\Users\19164\.m2\repository\io\cucumber\cucumber-java\5.7.0\cucumber-java-5.7.0.jar;C:\Users\19164\.m2\repository\io\qameta\allure\allure-cucumber5-jvm\2.13.2\allure-cucumber5-jvm-2.13.2.jar;C:\Users\19164\.m2\repository\io\qameta\allure\allure-java-commons\2.13.2\allure-java-commons-2.13.2.jar;C:\Users\19164\.m2\repository\io\qameta\allure\allure-model\2.13.2\allure-model-2.13.2.jar;C:\Users\19164\.m2\repository\com\fasterxml\jackson\core\jackson-databind\2.9.8\jackson-databind-2.9.8.jar;C:\Users\19164\.m2\repository\com\fasterxml\jackson\core\jackson-annotations\2.9.0\jackson-annotations-2.9.0.jar;C:\Users\19164\.m2\repository\com\fasterxml\jackson\core\jackson-core\2.9.8\jackson-core-2.9.8.jar;C:\Users\19164\.m2\repository\org\apache\tika\tika-core\1.20\tika-core-1.20.jar;C:\Users\19164\.m2\repository\org\jooq\joor-java-8\0.9.10\joor-java-8-0.9.10.jar;C:\Users\19164\.m2\repository\io\cucumber\gherkin\5.1.0\gherkin-5.1.0.jar;C:\Users\19164\.m2\repository\io\cucumber\gherkin-jvm-deps\1.0.4\gherkin-jvm-deps-1.0.4.jar;C:\Users\19164\.m2\repository\org\slf4j\slf4j-api\1.7.30\slf4j-api-1.7.30.jar;C:\Users\19164\.m2\repository\org\slf4j\slf4j-simple\1.7.30\slf4j-simple-1.7.30.jar;"/>
    <property name="java.vm.vendor" value="Oracle Corporation"/>
    <property name="sun.arch.data.model" value="64"/>
    <property name="user.variant" value=""/>
    <property name="java.vendor.url" value="https://openjdk.java.net/"/>
    <property name="user.timezone" value="Europe/Moscow"/>
    <property name="java.vm.specification.version" value="11"/>
    <property name="os.name" value="Windows 10"/>
    <property name="sun.java.launcher" value="SUN_STANDARD"/>
    <property name="user.country" value="CN"/>
    <property name="sun.boot.library.path" value="C:\Program Files\Java\jdk-11.0.11\bin"/>
    <property name="sun.java.command" value="C:\Users\19164\AppData\Local\Temp\surefire17027263574885941936\surefirebooter15625245981658140633.jar C:\Users\19164\AppData\Local\Temp\surefire17027263574885941936 2021-06-01T10-46-17_218-jvmRun1 surefire10525985273657279587tmp surefire_013753424884859243085tmp"/>
    <property name="jdk.debug" value="release"/>
    <property name="surefire.test.class.path" value="C:\Users\19164\eclipse-workspace\HW3\target\test-classes;C:\Users\19164\eclipse-workspace\HW3\target\classes;C:\Users\19164\.m2\repository\org\testng\testng\7.1.0\testng-7.1.0.jar;C:\Users\19164\.m2\repository\com\beust\jcommander\1.72\jcommander-1.72.jar;C:\Users\19164\.m2\repository\com\google\inject\guice\4.1.0\guice-4.1.0-no_aop.jar;C:\Users\19164\.m2\repository\javax\inject\javax.inject\1\javax.inject-1.jar;C:\Users\19164\.m2\repository\aopalliance\aopalliance\1.0\aopalliance-1.0.jar;C:\Users\19164\.m2\repository\org\yaml\snakeyaml\1.21\snakeyaml-1.21.jar;C:\Users\19164\.m2\repository\io\github\bonigarcia\webdrivermanager\4.3.1\webdrivermanager-4.3.1.jar;C:\Users\19164\.m2\repository\commons-io\commons-io\2.8.0\commons-io-2.8.0.jar;C:\Users\19164\.m2\repository\com\google\code\gson\gson\2.8.6\gson-2.8.6.jar;C:\Users\19164\.m2\repository\org\apache\commons\commons-lang3\3.11\commons-lang3-3.11.jar;C:\Users\19164\.m2\repository\org\apache\httpcomponents\client5\httpclient5\5.0.3\httpclient5-5.0.3.jar;C:\Users\19164\.m2\repository\org\apache\httpcomponents\core5\httpcore5\5.0.2\httpcore5-5.0.2.jar;C:\Users\19164\.m2\repository\org\apache\httpcomponents\core5\httpcore5-h2\5.0.2\httpcore5-h2-5.0.2.jar;C:\Users\19164\.m2\repository\commons-codec\commons-codec\1.13\commons-codec-1.13.jar;C:\Users\19164\.m2\repository\org\rauschig\jarchivelib\1.1.0\jarchivelib-1.1.0.jar;C:\Users\19164\.m2\repository\org\apache\commons\commons-compress\1.20\commons-compress-1.20.jar;C:\Users\19164\.m2\repository\org\jsoup\jsoup\1.13.1\jsoup-1.13.1.jar;C:\Users\19164\.m2\repository\org\seleniumhq\selenium\selenium-java\3.141.59\selenium-java-3.141.59.jar;C:\Users\19164\.m2\repository\org\seleniumhq\selenium\selenium-api\3.141.59\selenium-api-3.141.59.jar;C:\Users\19164\.m2\repository\org\seleniumhq\selenium\selenium-chrome-driver\3.141.59\selenium-chrome-driver-3.141.59.jar;C:\Users\19164\.m2\repository\org\seleniumhq\selenium\selenium-edge-driver\3.141.59\selenium-edge-driver-3.141.59.jar;C:\Users\19164\.m2\repository\org\seleniumhq\selenium\selenium-firefox-driver\3.141.59\selenium-firefox-driver-3.141.59.jar;C:\Users\19164\.m2\repository\org\seleniumhq\selenium\selenium-ie-driver\3.141.59\selenium-ie-driver-3.141.59.jar;C:\Users\19164\.m2\repository\org\seleniumhq\selenium\selenium-opera-driver\3.141.59\selenium-opera-driver-3.141.59.jar;C:\Users\19164\.m2\repository\org\seleniumhq\selenium\selenium-remote-driver\3.141.59\selenium-remote-driver-3.141.59.jar;C:\Users\19164\.m2\repository\org\seleniumhq\selenium\selenium-safari-driver\3.141.59\selenium-safari-driver-3.141.59.jar;C:\Users\19164\.m2\repository\org\seleniumhq\selenium\selenium-support\3.141.59\selenium-support-3.141.59.jar;C:\Users\19164\.m2\repository\net\bytebuddy\byte-buddy\1.8.15\byte-buddy-1.8.15.jar;C:\Users\19164\.m2\repository\org\apache\commons\commons-exec\1.3\commons-exec-1.3.jar;C:\Users\19164\.m2\repository\com\google\guava\guava\25.0-jre\guava-25.0-jre.jar;C:\Users\19164\.m2\repository\com\google\code\findbugs\jsr305\1.3.9\jsr305-1.3.9.jar;C:\Users\19164\.m2\repository\org\checkerframework\checker-compat-qual\2.0.0\checker-compat-qual-2.0.0.jar;C:\Users\19164\.m2\repository\com\google\errorprone\error_prone_annotations\2.1.3\error_prone_annotations-2.1.3.jar;C:\Users\19164\.m2\repository\com\google\j2objc\j2objc-annotations\1.1\j2objc-annotations-1.1.jar;C:\Users\19164\.m2\repository\org\codehaus\mojo\animal-sniffer-annotations\1.14\animal-sniffer-annotations-1.14.jar;C:\Users\19164\.m2\repository\com\squareup\okhttp3\okhttp\3.11.0\okhttp-3.11.0.jar;C:\Users\19164\.m2\repository\com\squareup\okio\okio\1.14.0\okio-1.14.0.jar;C:\Users\19164\.m2\repository\ru\yandex\qatools\htmlelements\htmlelements-java\1.20.0\htmlelements-java-1.20.0.jar;C:\Users\19164\.m2\repository\io\cucumber\cucumber-testng\5.7.0\cucumber-testng-5.7.0.jar;C:\Users\19164\.m2\repository\org\apiguardian\apiguardian-api\1.1.0\apiguardian-api-1.1.0.jar;C:\Users\19164\.m2\repository\io\cucumber\cucumber-core\5.7.0\cucumber-core-5.7.0.jar;C:\Users\19164\.m2\repository\io\cucumber\cucumber-gherkin\5.7.0\cucumber-gherkin-5.7.0.jar;C:\Users\19164\.m2\repository\io\cucumber\cucumber-gherkin-vintage\5.7.0\cucumber-gherkin-vintage-5.7.0.jar;C:\Users\19164\.m2\repository\io\cucumber\tag-expressions\2.0.4\tag-expressions-2.0.4.jar;C:\Users\19164\.m2\repository\io\cucumber\cucumber-expressions\8.3.1\cucumber-expressions-8.3.1.jar;C:\Users\19164\.m2\repository\io\cucumber\datatable\3.3.1\datatable-3.3.1.jar;C:\Users\19164\.m2\repository\io\cucumber\cucumber-plugin\5.7.0\cucumber-plugin-5.7.0.jar;C:\Users\19164\.m2\repository\io\cucumber\docstring\5.7.0\docstring-5.7.0.jar;C:\Users\19164\.m2\repository\io\cucumber\cucumber-java\5.7.0\cucumber-java-5.7.0.jar;C:\Users\19164\.m2\repository\io\qameta\allure\allure-cucumber5-jvm\2.13.2\allure-cucumber5-jvm-2.13.2.jar;C:\Users\19164\.m2\repository\io\qameta\allure\allure-java-commons\2.13.2\allure-java-commons-2.13.2.jar;C:\Users\19164\.m2\repository\io\qameta\allure\allure-model\2.13.2\allure-model-2.13.2.jar;C:\Users\19164\.m2\repository\com\fasterxml\jackson\core\jackson-databind\2.9.8\jackson-databind-2.9.8.jar;C:\Users\19164\.m2\repository\com\fasterxml\jackson\core\jackson-annotations\2.9.0\jackson-annotations-2.9.0.jar;C:\Users\19164\.m2\repository\com\fasterxml\jackson\core\jackson-core\2.9.8\jackson-core-2.9.8.jar;C:\Users\19164\.m2\repository\org\apache\tika\tika-core\1.20\tika-core-1.20.jar;C:\Users\19164\.m2\repository\org\jooq\joor-java-8\0.9.10\joor-java-8-0.9.10.jar;C:\Users\19164\.m2\repository\io\cucumber\gherkin\5.1.0\gherkin-5.1.0.jar;C:\Users\19164\.m2\repository\io\cucumber\gherkin-jvm-deps\1.0.4\gherkin-jvm-deps-1.0.4.jar;C:\Users\19164\.m2\repository\org\slf4j\slf4j-api\1.7.30\slf4j-api-1.7.30.jar;C:\Users\19164\.m2\repository\org\slf4j\slf4j-simple\1.7.30\slf4j-simple-1.7.30.jar;"/>
    <property name="sun.cpu.endian" value="little"/>
    <property name="user.home" value="C:\Users\19164"/>
    <property name="user.language" value="zh"/>
    <property name="java.specification.vendor" value="Oracle Corporation"/>
    <property name="java.version.date" value="2021-04-20"/>
    <property name="java.home" value="C:\Program Files\Java\jdk-11.0.11"/>
    <property name="file.separator" value="\"/>
    <property name="basedir" value="C:\Users\19164\eclipse-workspace\HW3"/>
    <property name="java.vm.compressedOopsMode" value="32-bit"/>
    <property name="line.separator" value="&#10;"/>
    <property name="java.specification.name" value="Java Platform API Specification"/>
    <property name="java.vm.specification.vendor" value="Oracle Corporation"/>
    <property name="java.awt.graphicsenv" value="sun.awt.Win32GraphicsEnvironment"/>
    <property name="surefire.real.class.path" value="C:\Users\19164\AppData\Local\Temp\surefire17027263574885941936\surefirebooter15625245981658140633.jar"/>
    <property name="user.script" value=""/>
    <property name="sun.management.compiler" value="HotSpot 64-Bit Tiered Compilers"/>
    <property name="java.runtime.version" value="11.0.11+9-LTS-194"/>
    <property name="user.name" value="19164"/>
    <property name="path.separator" value=";"/>
    <property name="os.version" value="10.0"/>
    <property name="java.runtime.name" value="Java(TM) SE Runtime Environment"/>
    <property name="file.encoding" value="GBK"/>
    <property name="java.vm.name" value="Java HotSpot(TM) 64-Bit Server VM"/>
    <property name="java.vendor.version" value="18.9"/>
    <property name="localRepository" value="C:\Users\19164\.m2\repository"/>
    <property name="java.vendor.url.bug" value="https://bugreport.java.com/bugreport/"/>
    <property name="java.io.tmpdir" value="C:\Users\19164\AppData\Local\Temp\"/>
    <property name="java.version" value="11.0.11"/>
    <property name="user.dir" value="C:\Users\19164\eclipse-workspace\HW3"/>
    <property name="os.arch" value="amd64"/>
    <property name="java.vm.specification.name" value="Java Virtual Machine Specification"/>
    <property name="java.awt.printerjob" value="sun.awt.windows.WPrinterJob"/>
    <property name="sun.os.patch.level" value=""/>
    <property name="java.library.path" value="C:\Program Files\Java\jdk-11.0.11\bin;C:\WINDOWS\Sun\Java\bin;C:\WINDOWS\system32;C:\WINDOWS;C:\Program Files\Common Files\Oracle\Java\javapath;C:\Program Files (x86)\Intel\iCLS Client\;C:\Program Files\Intel\iCLS Client\;C:\Windows\system32;C:\Windows;C:\Windows\System32\Wbem;C:\Windows\System32\WindowsPowerShell\v1.0\;C:\Program Files (x86)\NVIDIA Corporation\PhysX\Common;C:\Program Files (x86)\Intel\Intel(R) Management Engine Components\DAL;C:\Program Files\Intel\Intel(R) Management Engine Components\DAL;C:\Program Files (x86)\Intel\Intel(R) Management Engine Components\IPT;C:\Program Files\Intel\Intel(R) Management Engine Components\IPT;C:\WINDOWS\system32;C:\WINDOWS;C:\WINDOWS\System32\Wbem;C:\WINDOWS\System32\WindowsPowerShell\v1.0\;C:\WINDOWS\System32\OpenSSH\;C:\Program Files\Java\jdk-11.0.11\bin;C:\Maven\apache-maven-3.8.1-bin\apache-maven-3.8.1\bin;C:\Program Files\dotnet\;C:\Program Files\Microsoft SQL Server\130\Tools\Binn\;C:\Program Files\Google\Chrome\Application;C:\Program Files\Git\cmd;C:\Users\19164\AppData\Local\Microsoft\WindowsApps;C:\Users\19164\AppData\Local\Programs\MiKTeX\miktex\bin\x64\;C:\Users\19164\.dotnet\tools;C:\Users\19164\AppData\Local\GitHubDesktop\bin;."/>
    <property name="java.vendor" value="Oracle Corporation"/>
    <property name="java.vm.info" value="mixed mode"/>
    <property name="java.vm.version" value="11.0.11+9-LTS-194"/>
    <property name="sun.io.unicode.encoding" value="UnicodeLittle"/>
    <property name="java.class.version" value="55.0"/>
  </properties>
  <testcase name="openPage" classname="hw3.AppTest" time="61.16"/>
</testsuite>