<?xml version="1.0" encoding="UTF-8"?>
<!-- Generated by org.testng.reporters.JUnitReportReporter -->
<testsuite hostname="DESKTOP-UE12B8S" failures="0" tests="9" name="hw3.RunTestEx1" time="223.305" errors="0" timestamp="2021-06-01T11:55:52 MSK" skipped="0">
  <testcase classname="hw3.RunTestEx1" name="runScenario" time="12.866"/>
  <system-out/>
  <testcase classname="hw3.RunTestEx1" name="runScenario" time="72.142"/>
  <system-out/>
  <testcase classname="hw3.RunTestEx1" name="runScenario" time="17.321"/>
  <system-out/>
  <testcase classname="hw3.RunTestEx1" name="runScenario" time="11.870"/>
  <system-out/>
  <testcase classname="hw3.RunTestEx1" name="runScenario" time="10.623"/>
  <system-out/>
  <testcase classname="hw3.RunTestEx1" name="runScenario" time="11.168"/>
  <system-out/>
  <testcase classname="hw3.RunTestEx1" name="runScenario" time="32.742"/>
  <system-out/>
  <testcase classname="hw3.RunTestEx1" name="runScenario" time="17.159"/>
  <system-out/>
  <testcase classname="hw3.RunTestEx1" name="runScenario" time="37.414"/>
  <system-out/>
</testsuite> <!-- hw3.RunTestEx1 -->
