<?xml version="1.0" encoding="UTF-8"?>
<!-- Generated by org.testng.reporters.JUnitReportReporter -->
<testsuite hostname="DESKTOP-UE12B8S" failures="0" tests="9" name="hw3.RunTestEx1" time="116.235" errors="0" timestamp="2021-05-31T10:49:37 MSK" skipped="0">
  <testcase classname="hw3.RunTestEx1" name="runScenario" time="11.623"/>
  <system-out/>
  <testcase classname="hw3.RunTestEx1" name="runScenario" time="8.315"/>
  <system-out/>
  <testcase classname="hw3.RunTestEx1" name="runScenario" time="8.251"/>
  <system-out/>
  <testcase classname="hw3.RunTestEx1" name="runScenario" time="26.062"/>
  <system-out/>
  <testcase classname="hw3.RunTestEx1" name="runScenario" time="10.330"/>
  <system-out/>
  <testcase classname="hw3.RunTestEx1" name="runScenario" time="14.543"/>
  <system-out/>
  <testcase classname="hw3.RunTestEx1" name="runScenario" time="10.437"/>
  <system-out/>
  <testcase classname="hw3.RunTestEx1" name="runScenario" time="10.101"/>
  <system-out/>
  <testcase classname="hw3.RunTestEx1" name="runScenario" time="16.573"/>
  <system-out/>
</testsuite> <!-- hw3.RunTestEx1 -->
