<?xml version="1.0" encoding="UTF-8"?>
<!-- Generated by org.testng.reporters.JUnitReportReporter -->
<testsuite hostname="DESKTOP-UE12B8S" failures="0" tests="1" name="hw3.AppTest" time="61.158" errors="0" timestamp="2021-06-01T10:47:47 MSK" skipped="0">
  <testcase classname="hw3.AppTest" name="openPage" time="61.158"/>
  <system-out/>
</testsuite> <!-- hw3.AppTest -->
