<?xml version="1.0" encoding="UTF-8"?>
<!-- Generated by org.testng.reporters.JUnitReportReporter -->
<testsuite hostname="DESKTOP-UE12B8S" failures="0" tests="1" name="hw3.AppTest" time="52.445" errors="0" timestamp="2021-05-31T13:13:02 MSK" skipped="0">
  <testcase classname="hw3.AppTest" name="openPage" time="52.445"/>
  <system-out/>
</testsuite> <!-- hw3.AppTest -->
