<?xml version="1.0" encoding="UTF-8"?>
<!-- Generated by org.testng.reporters.JUnitReportReporter -->
<testsuite hostname="DESKTOP-UE12B8S" failures="0" tests="9" name="hw3.RunTestEx1" time="204.042" errors="0" timestamp="2021-05-31T14:09:11 MSK" skipped="0">
  <testcase classname="hw3.RunTestEx1" name="runScenario" time="21.946"/>
  <system-out/>
  <testcase classname="hw3.RunTestEx1" name="runScenario" time="12.396"/>
  <system-out/>
  <testcase classname="hw3.RunTestEx1" name="runScenario" time="43.803"/>
  <system-out/>
  <testcase classname="hw3.RunTestEx1" name="runScenario" time="10.161"/>
  <system-out/>
  <testcase classname="hw3.RunTestEx1" name="runScenario" time="15.771"/>
  <system-out/>
  <testcase classname="hw3.RunTestEx1" name="runScenario" time="57.025"/>
  <system-out/>
  <testcase classname="hw3.RunTestEx1" name="runScenario" time="14.951"/>
  <system-out/>
  <testcase classname="hw3.RunTestEx1" name="runScenario" time="13.702"/>
  <system-out/>
  <testcase classname="hw3.RunTestEx1" name="runScenario" time="14.287"/>
  <system-out/>
</testsuite> <!-- hw3.RunTestEx1 -->
