<?xml version="1.0" encoding="UTF-8"?>
<!-- Generated by org.testng.reporters.JUnitReportReporter -->
<testsuite hostname="DESKTOP-UE12B8S" failures="0" tests="9" name="hw3.RunTestEx1" time="139.633" errors="0" timestamp="2021-06-01T12:02:20 MSK" skipped="0">
  <testcase classname="hw3.RunTestEx1" name="runScenario" time="18.870"/>
  <system-out/>
  <testcase classname="hw3.RunTestEx1" name="runScenario" time="12.766"/>
  <system-out/>
  <testcase classname="hw3.RunTestEx1" name="runScenario" time="7.445"/>
  <system-out/>
  <testcase classname="hw3.RunTestEx1" name="runScenario" time="12.293"/>
  <system-out/>
  <testcase classname="hw3.RunTestEx1" name="runScenario" time="10.615"/>
  <system-out/>
  <testcase classname="hw3.RunTestEx1" name="runScenario" time="10.749"/>
  <system-out/>
  <testcase classname="hw3.RunTestEx1" name="runScenario" time="21.007"/>
  <system-out/>
  <testcase classname="hw3.RunTestEx1" name="runScenario" time="17.483"/>
  <system-out/>
  <testcase classname="hw3.RunTestEx1" name="runScenario" time="28.405"/>
  <system-out/>
</testsuite> <!-- hw3.RunTestEx1 -->
