<?xml version="1.0" encoding="UTF-8"?>
<!-- Generated by org.testng.reporters.JUnitReportReporter -->
<testsuite hostname="DESKTOP-UE12B8S" failures="0" tests="1" name="hw3.AppTest" time="48.731" errors="0" timestamp="2021-06-01T12:02:20 MSK" skipped="0">
  <testcase classname="hw3.AppTest" name="openPage" time="48.731"/>
  <system-out/>
</testsuite> <!-- hw3.AppTest -->
