<?xml version="1.0" encoding="UTF-8"?>
<!-- Generated by org.testng.reporters.JUnitReportReporter -->
<testsuite hostname="DESKTOP-UE12B8S" failures="0" tests="9" name="hw3.RunEx1Test" time="157.248" errors="0" timestamp="2021-05-31T13:13:02 MSK" skipped="0">
  <testcase classname="hw3.RunEx1Test" name="runScenario" time="8.960"/>
  <system-out/>
  <testcase classname="hw3.RunEx1Test" name="runScenario" time="11.322"/>
  <system-out/>
  <testcase classname="hw3.RunEx1Test" name="runScenario" time="23.917"/>
  <system-out/>
  <testcase classname="hw3.RunEx1Test" name="runScenario" time="11.316"/>
  <system-out/>
  <testcase classname="hw3.RunEx1Test" name="runScenario" time="13.083"/>
  <system-out/>
  <testcase classname="hw3.RunEx1Test" name="runScenario" time="31.803"/>
  <system-out/>
  <testcase classname="hw3.RunEx1Test" name="runScenario" time="11.218"/>
  <system-out/>
  <testcase classname="hw3.RunEx1Test" name="runScenario" time="8.113"/>
  <system-out/>
  <testcase classname="hw3.RunEx1Test" name="runScenario" time="37.516"/>
  <system-out/>
</testsuite> <!-- hw3.RunEx1Test -->
